mode: set
github.com/prayagsingh/bookings/internal/handlers/handlers.go:25.47,30.2 1 1
github.com/prayagsingh/bookings/internal/handlers/handlers.go:33.32,35.2 1 1
github.com/prayagsingh/bookings/internal/handlers/handlers.go:38.68,42.16 3 1
github.com/prayagsingh/bookings/internal/handlers/handlers.go:46.2,49.72 3 1
github.com/prayagsingh/bookings/internal/handlers/handlers.go:42.16,44.3 1 0
github.com/prayagsingh/bookings/internal/handlers/handlers.go:54.69,66.2 7 1
github.com/prayagsingh/bookings/internal/handlers/handlers.go:69.76,80.2 4 1
github.com/prayagsingh/bookings/internal/handlers/handlers.go:83.80,87.16 2 1
github.com/prayagsingh/bookings/internal/handlers/handlers.go:92.2,107.19 6 1
github.com/prayagsingh/bookings/internal/handlers/handlers.go:122.2,126.67 2 1
github.com/prayagsingh/bookings/internal/handlers/handlers.go:87.16,90.3 2 0
github.com/prayagsingh/bookings/internal/handlers/handlers.go:107.19,117.3 4 0
github.com/prayagsingh/bookings/internal/handlers/handlers.go:131.70,134.2 1 1
github.com/prayagsingh/bookings/internal/handlers/handlers.go:137.70,140.2 1 1
github.com/prayagsingh/bookings/internal/handlers/handlers.go:143.76,146.2 1 1
github.com/prayagsingh/bookings/internal/handlers/handlers.go:149.80,155.2 3 1
github.com/prayagsingh/bookings/internal/handlers/handlers.go:164.80,171.16 3 1
github.com/prayagsingh/bookings/internal/handlers/handlers.go:175.2,176.15 2 1
github.com/prayagsingh/bookings/internal/handlers/handlers.go:171.16,173.3 1 0
github.com/prayagsingh/bookings/internal/handlers/handlers.go:180.71,183.2 1 1
github.com/prayagsingh/bookings/internal/handlers/handlers.go:186.82,190.9 2 1
github.com/prayagsingh/bookings/internal/handlers/handlers.go:201.2,207.4 4 0
github.com/prayagsingh/bookings/internal/handlers/handlers.go:190.9,198.3 3 1
